TN:
SF:index.js
FN:4,(anonymous_0)
FN:9,(anonymous_1)
FN:11,(anonymous_2)
FN:16,(anonymous_3)
FN:27,(anonymous_4)
FN:29,(anonymous_5)
FN:40,(anonymous_6)
FN:45,(anonymous_7)
FNF:8
FNH:6
FNDA:2,(anonymous_0)
FNDA:0,(anonymous_1)
FNDA:0,(anonymous_2)
FNDA:3,(anonymous_3)
FNDA:3,(anonymous_4)
FNDA:1,(anonymous_5)
FNDA:1,(anonymous_6)
FNDA:1,(anonymous_7)
DA:1,1
DA:5,2
DA:7,2
DA:9,2
DA:11,2
DA:12,0
DA:17,3
DA:19,3
DA:20,3
DA:22,3
DA:24,3
DA:28,3
DA:29,1
DA:32,3
DA:33,1
DA:41,1
DA:42,1
DA:45,1
DA:47,1
DA:48,0
DA:54,1
DA:55,1
DA:57,1
DA:59,1
DA:63,1
LF:25
LH:23
BRDA:32,0,0,1
BRDA:32,0,1,2
BRDA:41,1,0,1
BRDA:41,1,1,0
BRDA:47,2,0,0
BRDA:47,2,1,1
BRF:6
BRH:4
end_of_record
