TN:
SF:index.js
FN:1,(anonymous_0)
FN:44,(anonymous_1)
FN:57,(anonymous_2)
FN:65,(anonymous_3)
FNF:4
FNH:4
FNDA:10,(anonymous_0)
FNDA:3,(anonymous_1)
FNDA:16,(anonymous_2)
FNDA:6,(anonymous_3)
DA:1,1
DA:2,10
DA:3,10
DA:4,1
DA:7,9
DA:8,1
DA:11,8
DA:12,1
DA:15,7
DA:16,1
DA:19,6
DA:20,1
DA:23,5
DA:24,1
DA:27,4
DA:28,1
DA:31,3
DA:32,1
DA:35,2
DA:36,1
DA:39,1
DA:40,1
DA:44,1
DA:45,3
DA:55,3
DA:56,6
DA:57,16
DA:59,4
DA:60,1
DA:65,6
DA:67,2
DA:68,0
DA:72,2
DA:77,1
LF:34
LH:33
BRDA:3,0,0,1
BRDA:3,0,1,9
BRDA:7,1,0,1
BRDA:7,1,1,8
BRDA:11,2,0,1
BRDA:11,2,1,7
BRDA:15,3,0,1
BRDA:15,3,1,6
BRDA:19,4,0,1
BRDA:19,4,1,5
BRDA:23,5,0,1
BRDA:23,5,1,4
BRDA:27,6,0,1
BRDA:27,6,1,3
BRDA:31,7,0,1
BRDA:31,7,1,2
BRDA:35,8,0,1
BRDA:35,8,1,1
BRDA:39,9,0,1
BRDA:39,9,1,0
BRDA:56,10,0,4
BRDA:56,10,1,2
BRDA:56,11,0,6
BRDA:56,11,1,6
BRDA:59,12,0,1
BRDA:59,12,1,3
BRDA:67,13,0,0
BRDA:67,13,1,2
BRF:28
BRH:26
end_of_record
